1750803522.878607 client started (38134): version 3.5a, socket /tmp/tmux-1000/default, protocol 8
1750803522.878624 on Linux 6.8.0-40-generic #40-Ubuntu SMP PREEMPT_DYNAMIC Fri Jul  5 10:34:03 UTC 2024
1750803522.878626 using libevent 2.1.12-stable poll
1750803522.878632 using utf8proc 2.10.0
1750803522.878634 using ncurses 6.5 20240427
1750803522.878651 flags are 0x18010000
1750803522.878653 socket is /tmp/tmux-1000/default
1750803522.878661 trying connect
1750803522.878677 connect failed: No such file or directory
1750803522.878682 lock file is /tmp/tmux-1000/default.lock
1750803522.878694 flock succeeded
1750803522.878695 got lock (6)
1750803522.878697 trying connect
1750803522.878700 connect failed: No such file or directory
1750803522.878834 add peer 0x58c3a9d5d7a0: 7 ((nil))
1750803522.879201 sending message 111 to peer 0x58c3a9d5d7a0 (8 bytes)
1750803522.879209 sending message 111 to peer 0x58c3a9d5d7a0 (8 bytes)
1750803522.879211 sending message 101 to peer 0x58c3a9d5d7a0 (12 bytes)
1750803522.879212 sending message 109 to peer 0x58c3a9d5d7a0 (4 bytes)
1750803522.879214 sending message 102 to peer 0x58c3a9d5d7a0 (11 bytes)
1750803522.879215 sending message 108 to peer 0x58c3a9d5d7a0 (26 bytes)
1750803522.879217 sending message 112 to peer 0x58c3a9d5d7a0 (70 bytes)
1750803522.879218 sending message 112 to peer 0x58c3a9d5d7a0 (5 bytes)
1750803522.879220 sending message 112 to peer 0x58c3a9d5d7a0 (6 bytes)
1750803522.879221 sending message 112 to peer 0x58c3a9d5d7a0 (6 bytes)
1750803522.879222 sending message 112 to peer 0x58c3a9d5d7a0 (10 bytes)
1750803522.879224 sending message 112 to peer 0x58c3a9d5d7a0 (13 bytes)
1750803522.879225 sending message 112 to peer 0x58c3a9d5d7a0 (14 bytes)
1750803522.879226 sending message 112 to peer 0x58c3a9d5d7a0 (19 bytes)
1750803522.879228 sending message 112 to peer 0x58c3a9d5d7a0 (11 bytes)
1750803522.879229 sending message 112 to peer 0x58c3a9d5d7a0 (10 bytes)
1750803522.879231 sending message 112 to peer 0x58c3a9d5d7a0 (15 bytes)
1750803522.879232 sending message 112 to peer 0x58c3a9d5d7a0 (21 bytes)
1750803522.879233 sending message 112 to peer 0x58c3a9d5d7a0 (13 bytes)
1750803522.879235 sending message 112 to peer 0x58c3a9d5d7a0 (7 bytes)
1750803522.879236 sending message 112 to peer 0x58c3a9d5d7a0 (13 bytes)
1750803522.879237 sending message 112 to peer 0x58c3a9d5d7a0 (7 bytes)
1750803522.879239 sending message 112 to peer 0x58c3a9d5d7a0 (13 bytes)
1750803522.879240 sending message 112 to peer 0x58c3a9d5d7a0 (9 bytes)
1750803522.879241 sending message 112 to peer 0x58c3a9d5d7a0 (21 bytes)
1750803522.879243 sending message 112 to peer 0x58c3a9d5d7a0 (13 bytes)
1750803522.879244 sending message 112 to peer 0x58c3a9d5d7a0 (9 bytes)
1750803522.879245 sending message 112 to peer 0x58c3a9d5d7a0 (16 bytes)
1750803522.879247 sending message 112 to peer 0x58c3a9d5d7a0 (13 bytes)
1750803522.879248 sending message 112 to peer 0x58c3a9d5d7a0 (9 bytes)
1750803522.879249 sending message 112 to peer 0x58c3a9d5d7a0 (9 bytes)
1750803522.879251 sending message 112 to peer 0x58c3a9d5d7a0 (12 bytes)
1750803522.879252 sending message 112 to peer 0x58c3a9d5d7a0 (8 bytes)
1750803522.879253 sending message 112 to peer 0x58c3a9d5d7a0 (13 bytes)
1750803522.879255 sending message 112 to peer 0x58c3a9d5d7a0 (7 bytes)
1750803522.879257 sending message 112 to peer 0x58c3a9d5d7a0 (7 bytes)
1750803522.879259 sending message 112 to peer 0x58c3a9d5d7a0 (9 bytes)
1750803522.879261 sending message 112 to peer 0x58c3a9d5d7a0 (6 bytes)
1750803522.879263 sending message 112 to peer 0x58c3a9d5d7a0 (9 bytes)
1750803522.879265 sending message 112 to peer 0x58c3a9d5d7a0 (15 bytes)
1750803522.879267 sending message 112 to peer 0x58c3a9d5d7a0 (13 bytes)
1750803522.879269 sending message 112 to peer 0x58c3a9d5d7a0 (12 bytes)
1750803522.879271 sending message 112 to peer 0x58c3a9d5d7a0 (8 bytes)
1750803522.879273 sending message 112 to peer 0x58c3a9d5d7a0 (14 bytes)
1750803522.879275 sending message 112 to peer 0x58c3a9d5d7a0 (9 bytes)
1750803522.879277 sending message 112 to peer 0x58c3a9d5d7a0 (10 bytes)
1750803522.879278 sending message 112 to peer 0x58c3a9d5d7a0 (10 bytes)
1750803522.879287 sending message 112 to peer 0x58c3a9d5d7a0 (10 bytes)
1750803522.879289 sending message 112 to peer 0x58c3a9d5d7a0 (10 bytes)
1750803522.879291 sending message 112 to peer 0x58c3a9d5d7a0 (11 bytes)
1750803522.879293 sending message 112 to peer 0x58c3a9d5d7a0 (12 bytes)
1750803522.879294 sending message 112 to peer 0x58c3a9d5d7a0 (12 bytes)
1750803522.879296 sending message 112 to peer 0x58c3a9d5d7a0 (12 bytes)
1750803522.879298 sending message 112 to peer 0x58c3a9d5d7a0 (12 bytes)
1750803522.879300 sending message 112 to peer 0x58c3a9d5d7a0 (12 bytes)
1750803522.879302 sending message 112 to peer 0x58c3a9d5d7a0 (11 bytes)
1750803522.879304 sending message 112 to peer 0x58c3a9d5d7a0 (11 bytes)
1750803522.879305 sending message 112 to peer 0x58c3a9d5d7a0 (12 bytes)
1750803522.879307 sending message 112 to peer 0x58c3a9d5d7a0 (12 bytes)
1750803522.879309 sending message 112 to peer 0x58c3a9d5d7a0 (12 bytes)
1750803522.879311 sending message 112 to peer 0x58c3a9d5d7a0 (12 bytes)
1750803522.879313 sending message 112 to peer 0x58c3a9d5d7a0 (12 bytes)
1750803522.879315 sending message 112 to peer 0x58c3a9d5d7a0 (9 bytes)
1750803522.879317 sending message 112 to peer 0x58c3a9d5d7a0 (12 bytes)
1750803522.879319 sending message 112 to peer 0x58c3a9d5d7a0 (13 bytes)
1750803522.879321 sending message 112 to peer 0x58c3a9d5d7a0 (13 bytes)
1750803522.879322 sending message 112 to peer 0x58c3a9d5d7a0 (13 bytes)
1750803522.879324 sending message 112 to peer 0x58c3a9d5d7a0 (13 bytes)
1750803522.879327 sending message 112 to peer 0x58c3a9d5d7a0 (13 bytes)
1750803522.879329 sending message 112 to peer 0x58c3a9d5d7a0 (8 bytes)
1750803522.879330 sending message 112 to peer 0x58c3a9d5d7a0 (11 bytes)
1750803522.879332 sending message 112 to peer 0x58c3a9d5d7a0 (11 bytes)
1750803522.879334 sending message 112 to peer 0x58c3a9d5d7a0 (11 bytes)
1750803522.879336 sending message 112 to peer 0x58c3a9d5d7a0 (12 bytes)
1750803522.879338 sending message 112 to peer 0x58c3a9d5d7a0 (12 bytes)
1750803522.879339 sending message 112 to peer 0x58c3a9d5d7a0 (13 bytes)
1750803522.879341 sending message 112 to peer 0x58c3a9d5d7a0 (12 bytes)
1750803522.879343 sending message 112 to peer 0x58c3a9d5d7a0 (13 bytes)
1750803522.879345 sending message 112 to peer 0x58c3a9d5d7a0 (13 bytes)
1750803522.879346 sending message 112 to peer 0x58c3a9d5d7a0 (13 bytes)
1750803522.879348 sending message 112 to peer 0x58c3a9d5d7a0 (8 bytes)
1750803522.879350 sending message 112 to peer 0x58c3a9d5d7a0 (13 bytes)
1750803522.879352 sending message 112 to peer 0x58c3a9d5d7a0 (13 bytes)
1750803522.879354 sending message 112 to peer 0x58c3a9d5d7a0 (13 bytes)
1750803522.879356 sending message 112 to peer 0x58c3a9d5d7a0 (13 bytes)
1750803522.879358 sending message 112 to peer 0x58c3a9d5d7a0 (13 bytes)
1750803522.879359 sending message 112 to peer 0x58c3a9d5d7a0 (12 bytes)
1750803522.879361 sending message 112 to peer 0x58c3a9d5d7a0 (12 bytes)
1750803522.879363 sending message 112 to peer 0x58c3a9d5d7a0 (13 bytes)
1750803522.879365 sending message 112 to peer 0x58c3a9d5d7a0 (12 bytes)
1750803522.879367 sending message 112 to peer 0x58c3a9d5d7a0 (13 bytes)
1750803522.879369 sending message 112 to peer 0x58c3a9d5d7a0 (8 bytes)
1750803522.879372 sending message 112 to peer 0x58c3a9d5d7a0 (13 bytes)
1750803522.879374 sending message 112 to peer 0x58c3a9d5d7a0 (13 bytes)
1750803522.879376 sending message 112 to peer 0x58c3a9d5d7a0 (13 bytes)
1750803522.879378 sending message 112 to peer 0x58c3a9d5d7a0 (13 bytes)
1750803522.879379 sending message 112 to peer 0x58c3a9d5d7a0 (13 bytes)
1750803522.879381 sending message 112 to peer 0x58c3a9d5d7a0 (13 bytes)
1750803522.879383 sending message 112 to peer 0x58c3a9d5d7a0 (13 bytes)
1750803522.879385 sending message 112 to peer 0x58c3a9d5d7a0 (12 bytes)
1750803522.879387 sending message 112 to peer 0x58c3a9d5d7a0 (12 bytes)
1750803522.879389 sending message 112 to peer 0x58c3a9d5d7a0 (13 bytes)
1750803522.879390 sending message 112 to peer 0x58c3a9d5d7a0 (8 bytes)
1750803522.879392 sending message 112 to peer 0x58c3a9d5d7a0 (12 bytes)
1750803522.879396 sending message 112 to peer 0x58c3a9d5d7a0 (13 bytes)
1750803522.879398 sending message 112 to peer 0x58c3a9d5d7a0 (13 bytes)
1750803522.879400 sending message 112 to peer 0x58c3a9d5d7a0 (13 bytes)
1750803522.879402 sending message 112 to peer 0x58c3a9d5d7a0 (13 bytes)
1750803522.879404 sending message 112 to peer 0x58c3a9d5d7a0 (13 bytes)
1750803522.879406 sending message 112 to peer 0x58c3a9d5d7a0 (13 bytes)
1750803522.879407 sending message 112 to peer 0x58c3a9d5d7a0 (13 bytes)
1750803522.879409 sending message 112 to peer 0x58c3a9d5d7a0 (13 bytes)
1750803522.879411 sending message 112 to peer 0x58c3a9d5d7a0 (12 bytes)
1750803522.879413 sending message 112 to peer 0x58c3a9d5d7a0 (10 bytes)
1750803522.879415 sending message 112 to peer 0x58c3a9d5d7a0 (12 bytes)
1750803522.879417 sending message 112 to peer 0x58c3a9d5d7a0 (13 bytes)
1750803522.879419 sending message 112 to peer 0x58c3a9d5d7a0 (12 bytes)
1750803522.879421 sending message 112 to peer 0x58c3a9d5d7a0 (13 bytes)
1750803522.879423 sending message 112 to peer 0x58c3a9d5d7a0 (13 bytes)
1750803522.879425 sending message 112 to peer 0x58c3a9d5d7a0 (13 bytes)
1750803522.879427 sending message 112 to peer 0x58c3a9d5d7a0 (13 bytes)
1750803522.879429 sending message 112 to peer 0x58c3a9d5d7a0 (13 bytes)
1750803522.879431 sending message 112 to peer 0x58c3a9d5d7a0 (13 bytes)
1750803522.879433 sending message 112 to peer 0x58c3a9d5d7a0 (13 bytes)
1750803522.879435 sending message 112 to peer 0x58c3a9d5d7a0 (10 bytes)
1750803522.879437 sending message 112 to peer 0x58c3a9d5d7a0 (13 bytes)
1750803522.879439 sending message 112 to peer 0x58c3a9d5d7a0 (12 bytes)
1750803522.879441 sending message 112 to peer 0x58c3a9d5d7a0 (12 bytes)
1750803522.879443 sending message 112 to peer 0x58c3a9d5d7a0 (13 bytes)
1750803522.879445 sending message 112 to peer 0x58c3a9d5d7a0 (10 bytes)
1750803522.879447 sending message 112 to peer 0x58c3a9d5d7a0 (10 bytes)
1750803522.879449 sending message 112 to peer 0x58c3a9d5d7a0 (10 bytes)
1750803522.879451 sending message 112 to peer 0x58c3a9d5d7a0 (12 bytes)
1750803522.879453 sending message 112 to peer 0x58c3a9d5d7a0 (13 bytes)
1750803522.879455 sending message 112 to peer 0x58c3a9d5d7a0 (13 bytes)
1750803522.879457 sending message 112 to peer 0x58c3a9d5d7a0 (13 bytes)
1750803522.879459 sending message 112 to peer 0x58c3a9d5d7a0 (13 bytes)
1750803522.879462 sending message 112 to peer 0x58c3a9d5d7a0 (13 bytes)
1750803522.879464 sending message 112 to peer 0x58c3a9d5d7a0 (10 bytes)
1750803522.879467 sending message 112 to peer 0x58c3a9d5d7a0 (11 bytes)
1750803522.879468 sending message 112 to peer 0x58c3a9d5d7a0 (12 bytes)
1750803522.879470 sending message 112 to peer 0x58c3a9d5d7a0 (12 bytes)
1750803522.879472 sending message 112 to peer 0x58c3a9d5d7a0 (12 bytes)
1750803522.879474 sending message 112 to peer 0x58c3a9d5d7a0 (12 bytes)
1750803522.879476 sending message 112 to peer 0x58c3a9d5d7a0 (12 bytes)
1750803522.879478 sending message 112 to peer 0x58c3a9d5d7a0 (11 bytes)
1750803522.879479 sending message 112 to peer 0x58c3a9d5d7a0 (12 bytes)
1750803522.879481 sending message 112 to peer 0x58c3a9d5d7a0 (12 bytes)
1750803522.879483 sending message 112 to peer 0x58c3a9d5d7a0 (13 bytes)
1750803522.879485 sending message 112 to peer 0x58c3a9d5d7a0 (13 bytes)
1750803522.879487 sending message 112 to peer 0x58c3a9d5d7a0 (13 bytes)
1750803522.879489 sending message 112 to peer 0x58c3a9d5d7a0 (13 bytes)
1750803522.879491 sending message 112 to peer 0x58c3a9d5d7a0 (13 bytes)
1750803522.879493 sending message 112 to peer 0x58c3a9d5d7a0 (10 bytes)
1750803522.879494 sending message 112 to peer 0x58c3a9d5d7a0 (9 bytes)
1750803522.879496 sending message 112 to peer 0x58c3a9d5d7a0 (12 bytes)
1750803522.879498 sending message 112 to peer 0x58c3a9d5d7a0 (13 bytes)
1750803522.879500 sending message 112 to peer 0x58c3a9d5d7a0 (13 bytes)
1750803522.879502 sending message 112 to peer 0x58c3a9d5d7a0 (13 bytes)
1750803522.879504 sending message 112 to peer 0x58c3a9d5d7a0 (13 bytes)
1750803522.879506 sending message 112 to peer 0x58c3a9d5d7a0 (13 bytes)
1750803522.879510 sending message 112 to peer 0x58c3a9d5d7a0 (9 bytes)
1750803522.879512 sending message 112 to peer 0x58c3a9d5d7a0 (12 bytes)
1750803522.879515 sending message 112 to peer 0x58c3a9d5d7a0 (13 bytes)
1750803522.879516 sending message 112 to peer 0x58c3a9d5d7a0 (13 bytes)
1750803522.879518 sending message 112 to peer 0x58c3a9d5d7a0 (13 bytes)
1750803522.879520 sending message 112 to peer 0x58c3a9d5d7a0 (13 bytes)
1750803522.879522 sending message 112 to peer 0x58c3a9d5d7a0 (13 bytes)
1750803522.879524 sending message 112 to peer 0x58c3a9d5d7a0 (11 bytes)
1750803522.879525 sending message 112 to peer 0x58c3a9d5d7a0 (12 bytes)
1750803522.879527 sending message 112 to peer 0x58c3a9d5d7a0 (13 bytes)
1750803522.879529 sending message 112 to peer 0x58c3a9d5d7a0 (13 bytes)
1750803522.879531 sending message 112 to peer 0x58c3a9d5d7a0 (13 bytes)
1750803522.879533 sending message 112 to peer 0x58c3a9d5d7a0 (13 bytes)
1750803522.879536 sending message 112 to peer 0x58c3a9d5d7a0 (13 bytes)
1750803522.879537 sending message 112 to peer 0x58c3a9d5d7a0 (11 bytes)
1750803522.879539 sending message 112 to peer 0x58c3a9d5d7a0 (12 bytes)
1750803522.879541 sending message 112 to peer 0x58c3a9d5d7a0 (12 bytes)
1750803522.879543 sending message 112 to peer 0x58c3a9d5d7a0 (12 bytes)
1750803522.879545 sending message 112 to peer 0x58c3a9d5d7a0 (12 bytes)
1750803522.879547 sending message 112 to peer 0x58c3a9d5d7a0 (12 bytes)
1750803522.879549 sending message 112 to peer 0x58c3a9d5d7a0 (22 bytes)
1750803522.879551 sending message 112 to peer 0x58c3a9d5d7a0 (12 bytes)
1750803522.879552 sending message 112 to peer 0x58c3a9d5d7a0 (9 bytes)
1750803522.879554 sending message 112 to peer 0x58c3a9d5d7a0 (6 bytes)
1750803522.879556 sending message 112 to peer 0x58c3a9d5d7a0 (13 bytes)
1750803522.879558 sending message 112 to peer 0x58c3a9d5d7a0 (10 bytes)
1750803522.879560 sending message 112 to peer 0x58c3a9d5d7a0 (15 bytes)
1750803522.879562 sending message 112 to peer 0x58c3a9d5d7a0 (11 bytes)
1750803522.879564 sending message 112 to peer 0x58c3a9d5d7a0 (9 bytes)
1750803522.879566 sending message 112 to peer 0x58c3a9d5d7a0 (70 bytes)
1750803522.879568 sending message 112 to peer 0x58c3a9d5d7a0 (69 bytes)
1750803522.879571 sending message 112 to peer 0x58c3a9d5d7a0 (34 bytes)
1750803522.879573 sending message 112 to peer 0x58c3a9d5d7a0 (34 bytes)
1750803522.879575 sending message 112 to peer 0x58c3a9d5d7a0 (69 bytes)
1750803522.879577 sending message 112 to peer 0x58c3a9d5d7a0 (12 bytes)
1750803522.879580 sending message 112 to peer 0x58c3a9d5d7a0 (10 bytes)
1750803522.879583 sending message 112 to peer 0x58c3a9d5d7a0 (10 bytes)
1750803522.879585 sending message 112 to peer 0x58c3a9d5d7a0 (15 bytes)
1750803522.879587 sending message 112 to peer 0x58c3a9d5d7a0 (11 bytes)
1750803522.879589 sending message 112 to peer 0x58c3a9d5d7a0 (10 bytes)
1750803522.879591 sending message 112 to peer 0x58c3a9d5d7a0 (10 bytes)
1750803522.879594 sending message 112 to peer 0x58c3a9d5d7a0 (17 bytes)
1750803522.879596 sending message 112 to peer 0x58c3a9d5d7a0 (10 bytes)
1750803522.879598 sending message 112 to peer 0x58c3a9d5d7a0 (13 bytes)
1750803522.879600 sending message 112 to peer 0x58c3a9d5d7a0 (17 bytes)
1750803522.879603 sending message 112 to peer 0x58c3a9d5d7a0 (5 bytes)
1750803522.879605 sending message 112 to peer 0x58c3a9d5d7a0 (9 bytes)
1750803522.879607 sending message 112 to peer 0x58c3a9d5d7a0 (15 bytes)
1750803522.879610 sending message 104 to peer 0x58c3a9d5d7a0 (0 bytes)
1750803522.879613 sending message 110 to peer 0x58c3a9d5d7a0 (0 bytes)
1750803522.879615 sending message 107 to peer 0x58c3a9d5d7a0 (4 bytes)
1750803522.879618 sending message 105 to peer 0x58c3a9d5d7a0 (20 bytes)
1750803522.879620 sending message 105 to peer 0x58c3a9d5d7a0 (110 bytes)
1750803522.879621 sending message 105 to peer 0x58c3a9d5d7a0 (19 bytes)
1750803522.879623 sending message 105 to peer 0x58c3a9d5d7a0 (20 bytes)
1750803522.879625 sending message 105 to peer 0x58c3a9d5d7a0 (45 bytes)
1750803522.879627 sending message 105 to peer 0x58c3a9d5d7a0 (27 bytes)
1750803522.879631 sending message 105 to peer 0x58c3a9d5d7a0 (61 bytes)
1750803522.879633 sending message 105 to peer 0x58c3a9d5d7a0 (23 bytes)
1750803522.879635 sending message 105 to peer 0x58c3a9d5d7a0 (44 bytes)
1750803522.879637 sending message 105 to peer 0x58c3a9d5d7a0 (45 bytes)
1750803522.879639 sending message 105 to peer 0x58c3a9d5d7a0 (21 bytes)
1750803522.879641 sending message 105 to peer 0x58c3a9d5d7a0 (32 bytes)
1750803522.879643 sending message 105 to peer 0x58c3a9d5d7a0 (41 bytes)
1750803522.879645 sending message 105 to peer 0x58c3a9d5d7a0 (51 bytes)
1750803522.879647 sending message 105 to peer 0x58c3a9d5d7a0 (43 bytes)
1750803522.879649 sending message 105 to peer 0x58c3a9d5d7a0 (20 bytes)
1750803522.879651 sending message 105 to peer 0x58c3a9d5d7a0 (23 bytes)
1750803522.879653 sending message 105 to peer 0x58c3a9d5d7a0 (16 bytes)
1750803522.879655 sending message 105 to peer 0x58c3a9d5d7a0 (28 bytes)
1750803522.879657 sending message 105 to peer 0x58c3a9d5d7a0 (30 bytes)
1750803522.879659 sending message 105 to peer 0x58c3a9d5d7a0 (27 bytes)
1750803522.879662 sending message 105 to peer 0x58c3a9d5d7a0 (15 bytes)
1750803522.879664 sending message 105 to peer 0x58c3a9d5d7a0 (74 bytes)
1750803522.879667 sending message 105 to peer 0x58c3a9d5d7a0 (25 bytes)
1750803522.879669 sending message 105 to peer 0x58c3a9d5d7a0 (41 bytes)
1750803522.879672 sending message 105 to peer 0x58c3a9d5d7a0 (22 bytes)
1750803522.879674 sending message 105 to peer 0x58c3a9d5d7a0 (54 bytes)
1750803522.879677 sending message 105 to peer 0x58c3a9d5d7a0 (60 bytes)
1750803522.879680 sending message 105 to peer 0x58c3a9d5d7a0 (18 bytes)
1750803522.879682 sending message 105 to peer 0x58c3a9d5d7a0 (16 bytes)
1750803522.879684 sending message 105 to peer 0x58c3a9d5d7a0 (18 bytes)
1750803522.879686 sending message 105 to peer 0x58c3a9d5d7a0 (17 bytes)
1750803522.879689 sending message 105 to peer 0x58c3a9d5d7a0 (1519 bytes)
1750803522.879703 sending message 105 to peer 0x58c3a9d5d7a0 (33 bytes)
1750803522.879705 sending message 105 to peer 0x58c3a9d5d7a0 (155 bytes)
1750803522.879707 sending message 105 to peer 0x58c3a9d5d7a0 (20 bytes)
1750803522.879709 sending message 105 to peer 0x58c3a9d5d7a0 (26 bytes)
1750803522.879712 sending message 105 to peer 0x58c3a9d5d7a0 (18 bytes)
1750803522.879714 sending message 105 to peer 0x58c3a9d5d7a0 (47 bytes)
1750803522.879716 sending message 105 to peer 0x58c3a9d5d7a0 (16 bytes)
1750803522.879718 sending message 105 to peer 0x58c3a9d5d7a0 (38 bytes)
1750803522.879721 sending message 105 to peer 0x58c3a9d5d7a0 (48 bytes)
1750803522.879723 sending message 105 to peer 0x58c3a9d5d7a0 (26 bytes)
1750803522.879725 sending message 105 to peer 0x58c3a9d5d7a0 (23 bytes)
1750803522.879727 sending message 105 to peer 0x58c3a9d5d7a0 (34 bytes)
1750803522.879730 sending message 105 to peer 0x58c3a9d5d7a0 (23 bytes)
1750803522.879732 sending message 105 to peer 0x58c3a9d5d7a0 (33 bytes)
1750803522.879734 sending message 105 to peer 0x58c3a9d5d7a0 (17 bytes)
1750803522.879736 sending message 105 to peer 0x58c3a9d5d7a0 (32 bytes)
1750803522.879739 sending message 105 to peer 0x58c3a9d5d7a0 (12 bytes)
1750803522.879741 sending message 105 to peer 0x58c3a9d5d7a0 (50 bytes)
1750803522.879743 sending message 105 to peer 0x58c3a9d5d7a0 (11 bytes)
1750803522.879746 sending message 105 to peer 0x58c3a9d5d7a0 (8 bytes)
1750803522.879748 sending message 105 to peer 0x58c3a9d5d7a0 (14 bytes)
1750803522.879750 sending message 105 to peer 0x58c3a9d5d7a0 (18 bytes)
1750803522.879753 sending message 105 to peer 0x58c3a9d5d7a0 (56 bytes)
1750803522.879755 sending message 105 to peer 0x58c3a9d5d7a0 (31 bytes)
1750803522.879757 sending message 105 to peer 0x58c3a9d5d7a0 (47 bytes)
1750803522.879759 sending message 105 to peer 0x58c3a9d5d7a0 (30 bytes)
1750803522.879761 sending message 105 to peer 0x58c3a9d5d7a0 (23 bytes)
1750803522.879764 sending message 105 to peer 0x58c3a9d5d7a0 (181 bytes)
1750803522.879766 sending message 105 to peer 0x58c3a9d5d7a0 (387 bytes)
1750803522.879772 sending message 105 to peer 0x58c3a9d5d7a0 (18 bytes)
1750803522.879774 sending message 105 to peer 0x58c3a9d5d7a0 (54 bytes)
1750803522.879777 sending message 105 to peer 0x58c3a9d5d7a0 (52 bytes)
1750803522.879779 sending message 105 to peer 0x58c3a9d5d7a0 (38 bytes)
1750803522.879782 sending message 105 to peer 0x58c3a9d5d7a0 (36 bytes)
1750803522.879784 sending message 105 to peer 0x58c3a9d5d7a0 (20 bytes)
1750803522.879787 sending message 105 to peer 0x58c3a9d5d7a0 (38 bytes)
1750803522.879790 sending message 106 to peer 0x58c3a9d5d7a0 (0 bytes)
1750803522.879833 sending message 200 to peer 0x58c3a9d5d7a0 (4 bytes)
1750803522.879836 client loop enter
1750803522.879857 client_signal: Child exited
1750803522.908614 peer 0x58c3a9d5d7a0 message 207
1750803522.908629 sending message 208 to peer 0x58c3a9d5d7a0 (0 bytes)
1750803709.435249 client loop exit
